mode: set
github.com/Azhovan/rigging/internal/normalize/keys.go:11.40,14.2 2 1
github.com/Azhovan/rigging/internal/normalize/keys.go:18.47,19.21 1 1
github.com/Azhovan/rigging/internal/normalize/keys.go:19.21,21.3 1 1
github.com/Azhovan/rigging/internal/normalize/keys.go:23.2,25.22 3 1
github.com/Azhovan/rigging/internal/normalize/keys.go:29.45,30.18 1 1
github.com/Azhovan/rigging/internal/normalize/keys.go:30.18,32.3 1 1
github.com/Azhovan/rigging/internal/normalize/keys.go:33.2,33.15 1 1
github.com/Azhovan/rigging/internal/normalize/keys.go:33.15,35.3 1 1
github.com/Azhovan/rigging/internal/normalize/keys.go:36.2,36.27 1 1
github.com/Azhovan/rigging/sourceenv/env.go:28.39,30.2 1 1
github.com/Azhovan/rigging/sourceenv/env.go:33.71,36.35 2 1
github.com/Azhovan/rigging/sourceenv/env.go:36.35,38.22 2 1
github.com/Azhovan/rigging/sourceenv/env.go:38.22,39.12 1 0
github.com/Azhovan/rigging/sourceenv/env.go:42.3,46.26 3 1
github.com/Azhovan/rigging/sourceenv/env.go:46.26,47.80 1 1
github.com/Azhovan/rigging/sourceenv/env.go:47.80,48.13 1 1
github.com/Azhovan/rigging/sourceenv/env.go:50.4,50.34 1 1
github.com/Azhovan/rigging/sourceenv/env.go:53.3,53.16 1 1
github.com/Azhovan/rigging/sourceenv/env.go:53.16,54.12 1 0
github.com/Azhovan/rigging/sourceenv/env.go:58.3,59.32 2 1
github.com/Azhovan/rigging/sourceenv/env.go:62.2,62.20 1 1
github.com/Azhovan/rigging/sourceenv/env.go:66.84,68.2 1 1
github.com/Azhovan/rigging/examples/basic/main.go:60.65,64.37 2 0
github.com/Azhovan/rigging/examples/basic/main.go:64.37,65.75 1 0
github.com/Azhovan/rigging/examples/basic/main.go:65.75,71.4 1 0
github.com/Azhovan/rigging/examples/basic/main.go:73.3,73.40 1 0
github.com/Azhovan/rigging/examples/basic/main.go:73.40,79.4 1 0
github.com/Azhovan/rigging/examples/basic/main.go:83.2,83.56 1 0
github.com/Azhovan/rigging/examples/basic/main.go:83.56,89.3 1 0
github.com/Azhovan/rigging/examples/basic/main.go:92.2,92.82 1 0
github.com/Azhovan/rigging/examples/basic/main.go:92.82,93.75 1 0
github.com/Azhovan/rigging/examples/basic/main.go:93.75,99.4 1 0
github.com/Azhovan/rigging/examples/basic/main.go:102.2,102.26 1 0
github.com/Azhovan/rigging/examples/basic/main.go:102.26,104.3 1 0
github.com/Azhovan/rigging/examples/basic/main.go:106.2,106.12 1 0
github.com/Azhovan/rigging/examples/basic/main.go:109.13,135.16 10 0
github.com/Azhovan/rigging/examples/basic/main.go:135.16,137.3 1 0
github.com/Azhovan/rigging/examples/basic/main.go:139.2,169.57 26 0
github.com/Azhovan/rigging/examples/basic/main.go:169.57,171.3 1 0
github.com/Azhovan/rigging/examples/basic/main.go:171.8,173.3 1 0
github.com/Azhovan/rigging/examples/basic/main.go:174.2,174.57 1 0
github.com/Azhovan/rigging/examples/basic/main.go:174.57,176.3 1 0
github.com/Azhovan/rigging/examples/basic/main.go:176.8,178.3 1 0
github.com/Azhovan/rigging/examples/basic/main.go:179.2,179.55 1 0
github.com/Azhovan/rigging/examples/basic/main.go:179.55,181.3 1 0
github.com/Azhovan/rigging/examples/basic/main.go:181.8,183.3 1 0
github.com/Azhovan/rigging/examples/basic/main.go:186.2,189.48 4 0
github.com/Azhovan/rigging/examples/basic/main.go:189.48,191.37 2 0
github.com/Azhovan/rigging/examples/basic/main.go:191.37,193.20 2 0
github.com/Azhovan/rigging/examples/basic/main.go:193.20,195.5 1 0
github.com/Azhovan/rigging/examples/basic/main.go:196.4,201.5 1 0
github.com/Azhovan/rigging/examples/basic/main.go:203.8,205.3 1 0
github.com/Azhovan/rigging/examples/basic/main.go:208.2,213.85 6 0
github.com/Azhovan/rigging/examples/basic/main.go:213.85,215.3 1 0
github.com/Azhovan/rigging/examples/basic/main.go:217.2,220.80 4 0
github.com/Azhovan/rigging/examples/basic/main.go:220.80,222.3 1 0
github.com/Azhovan/rigging/examples/basic/main.go:223.2,231.77 8 0
github.com/Azhovan/rigging/main/main.go:12.13,22.16 3 0
github.com/Azhovan/rigging/main/main.go:22.16,25.3 2 0
github.com/Azhovan/rigging/main/main.go:27.2,27.24 1 0
github.com/Azhovan/rigging/sourcefile/file.go:31.52,36.2 1 1
github.com/Azhovan/rigging/sourcefile/file.go:39.72,41.16 2 1
github.com/Azhovan/rigging/sourcefile/file.go:41.16,42.25 1 1
github.com/Azhovan/rigging/sourcefile/file.go:42.25,43.23 1 1
github.com/Azhovan/rigging/sourcefile/file.go:43.23,45.5 1 1
github.com/Azhovan/rigging/sourcefile/file.go:46.4,46.36 1 1
github.com/Azhovan/rigging/sourcefile/file.go:48.3,48.65 1 0
github.com/Azhovan/rigging/sourcefile/file.go:51.2,52.18 2 1
github.com/Azhovan/rigging/sourcefile/file.go:52.18,54.3 1 1
github.com/Azhovan/rigging/sourcefile/file.go:56.2,57.16 2 1
github.com/Azhovan/rigging/sourcefile/file.go:58.21,59.52 1 1
github.com/Azhovan/rigging/sourcefile/file.go:59.52,61.4 1 1
github.com/Azhovan/rigging/sourcefile/file.go:62.14,63.52 1 1
github.com/Azhovan/rigging/sourcefile/file.go:63.52,65.4 1 1
github.com/Azhovan/rigging/sourcefile/file.go:66.14,67.52 1 1
github.com/Azhovan/rigging/sourcefile/file.go:67.52,69.4 1 1
github.com/Azhovan/rigging/sourcefile/file.go:70.10,71.94 1 1
github.com/Azhovan/rigging/sourcefile/file.go:75.2,78.23 3 1
github.com/Azhovan/rigging/sourcefile/file.go:82.85,84.2 1 1
github.com/Azhovan/rigging/sourcefile/file.go:86.38,88.13 2 1
github.com/Azhovan/rigging/sourcefile/file.go:89.23,90.16 1 1
github.com/Azhovan/rigging/sourcefile/file.go:91.15,92.16 1 1
github.com/Azhovan/rigging/sourcefile/file.go:93.15,94.16 1 1
github.com/Azhovan/rigging/sourcefile/file.go:95.10,96.12 1 1
github.com/Azhovan/rigging/sourcefile/file.go:101.66,102.27 1 1
github.com/Azhovan/rigging/sourcefile/file.go:103.22,104.27 1 1
github.com/Azhovan/rigging/sourcefile/file.go:104.27,106.20 2 1
github.com/Azhovan/rigging/sourcefile/file.go:106.20,108.5 1 1
github.com/Azhovan/rigging/sourcefile/file.go:109.4,109.38 1 1
github.com/Azhovan/rigging/sourcefile/file.go:111.19,112.27 1 0
github.com/Azhovan/rigging/sourcefile/file.go:112.27,114.11 2 0
github.com/Azhovan/rigging/sourcefile/file.go:114.11,115.13 1 0
github.com/Azhovan/rigging/sourcefile/file.go:117.4,118.20 2 0
github.com/Azhovan/rigging/sourcefile/file.go:118.20,120.5 1 0
github.com/Azhovan/rigging/sourcefile/file.go:121.4,121.38 1 0
github.com/Azhovan/rigging/sourcefile/file.go:123.10,124.19 1 1
github.com/Azhovan/rigging/sourcefile/file.go:124.19,126.4 1 1
github.com/Azhovan/rigging/binding.go:28.37,31.15 2 1
github.com/Azhovan/rigging/binding.go:31.15,33.3 1 1
github.com/Azhovan/rigging/binding.go:36.2,38.39 2 1
github.com/Azhovan/rigging/binding.go:38.39,40.22 2 1
github.com/Azhovan/rigging/binding.go:40.22,41.12 1 0
github.com/Azhovan/rigging/binding.go:45.3,48.21 4 1
github.com/Azhovan/rigging/binding.go:48.21,50.4 1 1
github.com/Azhovan/rigging/binding.go:52.3,52.15 1 1
github.com/Azhovan/rigging/binding.go:53.14,54.19 1 1
github.com/Azhovan/rigging/binding.go:55.15,56.20 1 1
github.com/Azhovan/rigging/binding.go:57.17,58.22 1 1
github.com/Azhovan/rigging/binding.go:59.18,61.25 2 1
github.com/Azhovan/rigging/binding.go:62.14,63.19 1 1
github.com/Azhovan/rigging/binding.go:64.14,65.19 1 1
github.com/Azhovan/rigging/binding.go:66.16,68.19 1 1
github.com/Azhovan/rigging/binding.go:68.19,71.30 2 1
github.com/Azhovan/rigging/binding.go:71.30,73.6 1 1
github.com/Azhovan/rigging/binding.go:75.19,77.38 1 1
github.com/Azhovan/rigging/binding.go:77.38,79.5 1 1
github.com/Azhovan/rigging/binding.go:79.10,79.31 1 1
github.com/Azhovan/rigging/binding.go:79.31,81.5 1 1
github.com/Azhovan/rigging/binding.go:81.10,84.5 1 0
github.com/Azhovan/rigging/binding.go:85.17,87.38 1 1
github.com/Azhovan/rigging/binding.go:87.38,89.5 1 1
github.com/Azhovan/rigging/binding.go:89.10,89.31 1 1
github.com/Azhovan/rigging/binding.go:89.31,91.5 1 1
github.com/Azhovan/rigging/binding.go:91.10,94.5 1 0
github.com/Azhovan/rigging/binding.go:98.2,98.12 1 1
github.com/Azhovan/rigging/binding.go:103.43,108.32 4 1
github.com/Azhovan/rigging/binding.go:108.32,112.60 2 1
github.com/Azhovan/rigging/binding.go:112.60,116.12 4 1
github.com/Azhovan/rigging/binding.go:119.3,119.16 1 1
github.com/Azhovan/rigging/binding.go:119.16,120.15 1 1
github.com/Azhovan/rigging/binding.go:120.15,124.39 2 1
github.com/Azhovan/rigging/binding.go:124.39,129.14 4 1
github.com/Azhovan/rigging/binding.go:130.11,133.6 1 1
github.com/Azhovan/rigging/binding.go:134.10,138.5 2 1
github.com/Azhovan/rigging/binding.go:139.9,141.4 1 1
github.com/Azhovan/rigging/binding.go:145.2,145.23 1 1
github.com/Azhovan/rigging/binding.go:145.23,147.3 1 1
github.com/Azhovan/rigging/binding.go:149.2,149.19 1 1
github.com/Azhovan/rigging/binding.go:153.41,156.31 3 1
github.com/Azhovan/rigging/binding.go:156.31,157.30 1 1
github.com/Azhovan/rigging/binding.go:157.30,159.4 1 1
github.com/Azhovan/rigging/binding.go:161.2,161.14 1 1
github.com/Azhovan/rigging/binding.go:176.71,178.21 1 1
github.com/Azhovan/rigging/binding.go:178.21,180.3 1 1
github.com/Azhovan/rigging/binding.go:183.2,187.51 1 1
github.com/Azhovan/rigging/binding.go:187.51,191.17 3 1
github.com/Azhovan/rigging/binding.go:191.17,193.4 1 0
github.com/Azhovan/rigging/binding.go:196.3,199.38 4 1
github.com/Azhovan/rigging/binding.go:203.2,204.27 2 1
github.com/Azhovan/rigging/binding.go:204.27,206.3 1 1
github.com/Azhovan/rigging/binding.go:209.2,209.41 1 1
github.com/Azhovan/rigging/binding.go:209.41,211.36 1 1
github.com/Azhovan/rigging/binding.go:211.36,213.4 1 1
github.com/Azhovan/rigging/binding.go:215.3,215.39 1 0
github.com/Azhovan/rigging/binding.go:215.39,217.4 1 0
github.com/Azhovan/rigging/binding.go:221.2,222.30 2 1
github.com/Azhovan/rigging/binding.go:223.14,224.15 1 1
github.com/Azhovan/rigging/binding.go:225.14,226.23 1 0
github.com/Azhovan/rigging/binding.go:227.10,229.34 1 1
github.com/Azhovan/rigging/binding.go:233.2,233.27 1 1
github.com/Azhovan/rigging/binding.go:234.22,235.23 1 1
github.com/Azhovan/rigging/binding.go:237.20,238.29 1 1
github.com/Azhovan/rigging/binding.go:240.19,242.17 2 1
github.com/Azhovan/rigging/binding.go:242.17,244.4 1 1
github.com/Azhovan/rigging/binding.go:245.3,245.23 1 1
github.com/Azhovan/rigging/binding.go:247.20,249.17 2 1
github.com/Azhovan/rigging/binding.go:249.17,251.4 1 1
github.com/Azhovan/rigging/binding.go:252.3,252.24 1 1
github.com/Azhovan/rigging/binding.go:254.21,256.17 2 1
github.com/Azhovan/rigging/binding.go:256.17,258.4 1 0
github.com/Azhovan/rigging/binding.go:259.3,259.25 1 1
github.com/Azhovan/rigging/binding.go:261.21,263.17 2 1
github.com/Azhovan/rigging/binding.go:263.17,265.4 1 0
github.com/Azhovan/rigging/binding.go:266.3,266.25 1 1
github.com/Azhovan/rigging/binding.go:268.21,270.53 1 1
github.com/Azhovan/rigging/binding.go:270.53,272.18 2 1
github.com/Azhovan/rigging/binding.go:272.18,274.5 1 1
github.com/Azhovan/rigging/binding.go:275.4,275.24 1 1
github.com/Azhovan/rigging/binding.go:278.3,279.17 2 1
github.com/Azhovan/rigging/binding.go:279.17,281.4 1 0
github.com/Azhovan/rigging/binding.go:282.3,282.18 1 1
github.com/Azhovan/rigging/binding.go:284.20,286.17 2 1
github.com/Azhovan/rigging/binding.go:286.17,288.4 1 1
github.com/Azhovan/rigging/binding.go:289.3,289.24 1 1
github.com/Azhovan/rigging/binding.go:291.21,293.17 2 1
github.com/Azhovan/rigging/binding.go:293.17,295.4 1 0
github.com/Azhovan/rigging/binding.go:296.3,296.25 1 1
github.com/Azhovan/rigging/binding.go:298.22,300.17 2 1
github.com/Azhovan/rigging/binding.go:300.17,302.4 1 0
github.com/Azhovan/rigging/binding.go:303.3,303.26 1 1
github.com/Azhovan/rigging/binding.go:305.22,307.17 2 1
github.com/Azhovan/rigging/binding.go:307.17,309.4 1 0
github.com/Azhovan/rigging/binding.go:310.3,310.26 1 1
github.com/Azhovan/rigging/binding.go:312.22,314.17 2 1
github.com/Azhovan/rigging/binding.go:314.17,316.4 1 0
github.com/Azhovan/rigging/binding.go:317.3,317.18 1 1
github.com/Azhovan/rigging/binding.go:319.23,321.17 2 1
github.com/Azhovan/rigging/binding.go:321.17,323.4 1 1
github.com/Azhovan/rigging/binding.go:324.3,324.27 1 1
github.com/Azhovan/rigging/binding.go:326.23,328.17 2 1
github.com/Azhovan/rigging/binding.go:328.17,330.4 1 0
github.com/Azhovan/rigging/binding.go:331.3,331.18 1 1
github.com/Azhovan/rigging/binding.go:333.21,335.49 1 1
github.com/Azhovan/rigging/binding.go:335.49,337.4 1 1
github.com/Azhovan/rigging/binding.go:338.3,338.67 1 0
github.com/Azhovan/rigging/binding.go:340.10,341.68 1 0
github.com/Azhovan/rigging/binding.go:347.40,349.11 2 1
github.com/Azhovan/rigging/binding.go:350.26,351.19 1 1
github.com/Azhovan/rigging/binding.go:352.26,353.20 1 1
github.com/Azhovan/rigging/binding.go:354.10,355.59 1 1
github.com/Azhovan/rigging/binding.go:364.55,365.30 1 1
github.com/Azhovan/rigging/binding.go:366.16,367.16 1 1
github.com/Azhovan/rigging/binding.go:368.13,370.26 2 1
github.com/Azhovan/rigging/binding.go:370.26,372.4 1 1
github.com/Azhovan/rigging/binding.go:373.3,373.21 1 1
github.com/Azhovan/rigging/binding.go:374.14,376.14 1 1
github.com/Azhovan/rigging/binding.go:376.14,378.4 1 1
github.com/Azhovan/rigging/binding.go:379.3,381.30 3 1
github.com/Azhovan/rigging/binding.go:381.30,383.4 1 1
github.com/Azhovan/rigging/binding.go:384.3,384.21 1 1
github.com/Azhovan/rigging/binding.go:385.10,386.68 1 1
github.com/Azhovan/rigging/binding.go:400.163,404.34 2 1
github.com/Azhovan/rigging/binding.go:404.34,406.3 1 1
github.com/Azhovan/rigging/binding.go:407.2,407.37 1 1
github.com/Azhovan/rigging/binding.go:407.37,409.3 1 0
github.com/Azhovan/rigging/binding.go:411.2,414.41 2 1
github.com/Azhovan/rigging/binding.go:414.41,419.26 3 1
github.com/Azhovan/rigging/binding.go:419.26,420.12 1 0
github.com/Azhovan/rigging/binding.go:424.3,429.28 4 1
github.com/Azhovan/rigging/binding.go:429.28,431.4 1 1
github.com/Azhovan/rigging/binding.go:434.3,437.65 2 1
github.com/Azhovan/rigging/binding.go:437.65,441.12 3 1
github.com/Azhovan/rigging/binding.go:446.3,446.189 1 1
github.com/Azhovan/rigging/binding.go:446.189,451.35 2 1
github.com/Azhovan/rigging/binding.go:451.35,452.55 1 1
github.com/Azhovan/rigging/binding.go:452.55,455.31 2 1
github.com/Azhovan/rigging/binding.go:455.31,457.7 1 1
github.com/Azhovan/rigging/binding.go:458.6,460.14 3 1
github.com/Azhovan/rigging/binding.go:465.4,467.12 3 1
github.com/Azhovan/rigging/binding.go:471.3,475.12 4 1
github.com/Azhovan/rigging/binding.go:475.12,478.4 2 1
github.com/Azhovan/rigging/binding.go:478.9,478.31 1 1
github.com/Azhovan/rigging/binding.go:478.31,482.4 2 1
github.com/Azhovan/rigging/binding.go:486.3,486.35 1 1
github.com/Azhovan/rigging/binding.go:486.35,487.12 1 1
github.com/Azhovan/rigging/binding.go:491.3,492.17 2 1
github.com/Azhovan/rigging/binding.go:492.17,498.12 2 1
github.com/Azhovan/rigging/binding.go:502.3,502.26 1 1
github.com/Azhovan/rigging/binding.go:502.26,506.31 2 1
github.com/Azhovan/rigging/binding.go:506.31,513.5 1 1
github.com/Azhovan/rigging/binding.go:517.2,517.20 1 1
github.com/Azhovan/rigging/binding.go:522.87,524.23 1 1
github.com/Azhovan/rigging/binding.go:524.23,526.3 1 1
github.com/Azhovan/rigging/binding.go:529.2,532.24 2 1
github.com/Azhovan/rigging/binding.go:532.24,534.3 1 1
github.com/Azhovan/rigging/binding.go:536.2,536.16 1 1
github.com/Azhovan/rigging/binding.go:541.46,542.21 1 1
github.com/Azhovan/rigging/binding.go:542.21,544.3 1 0
github.com/Azhovan/rigging/binding.go:546.2,548.22 3 1
github.com/Azhovan/rigging/binding.go:552.42,553.32 1 1
github.com/Azhovan/rigging/binding.go:553.32,555.3 1 1
github.com/Azhovan/rigging/binding.go:556.2,556.23 1 1
github.com/Azhovan/rigging/binding.go:556.23,558.3 1 1
github.com/Azhovan/rigging/binding.go:559.2,559.32 1 1
github.com/Azhovan/rigging/binding.go:559.32,561.3 1 1
github.com/Azhovan/rigging/binding.go:562.2,562.72 1 1
github.com/Azhovan/rigging/binding.go:562.72,564.3 1 0
github.com/Azhovan/rigging/binding.go:565.2,565.13 1 1
github.com/Azhovan/rigging/dump.go:23.31,24.31 1 1
github.com/Azhovan/rigging/dump.go:24.31,26.3 1 1
github.com/Azhovan/rigging/dump.go:30.26,31.31 1 1
github.com/Azhovan/rigging/dump.go:31.31,33.3 1 1
github.com/Azhovan/rigging/dump.go:37.43,38.31 1 1
github.com/Azhovan/rigging/dump.go:38.31,40.3 1 1
github.com/Azhovan/rigging/dump.go:45.74,46.16 1 1
github.com/Azhovan/rigging/dump.go:46.16,48.3 1 1
github.com/Azhovan/rigging/dump.go:51.2,54.27 2 1
github.com/Azhovan/rigging/dump.go:54.27,56.3 1 1
github.com/Azhovan/rigging/dump.go:59.2,63.17 3 1
github.com/Azhovan/rigging/dump.go:63.17,64.30 1 1
github.com/Azhovan/rigging/dump.go:64.30,66.4 1 1
github.com/Azhovan/rigging/dump.go:70.2,71.29 2 1
github.com/Azhovan/rigging/dump.go:71.29,73.3 1 1
github.com/Azhovan/rigging/dump.go:75.2,75.32 1 1
github.com/Azhovan/rigging/dump.go:75.32,77.3 1 0
github.com/Azhovan/rigging/dump.go:79.2,79.19 1 1
github.com/Azhovan/rigging/dump.go:79.19,81.3 1 1
github.com/Azhovan/rigging/dump.go:82.2,82.48 1 1
github.com/Azhovan/rigging/dump.go:86.115,89.31 2 1
github.com/Azhovan/rigging/dump.go:89.31,91.51 2 1
github.com/Azhovan/rigging/dump.go:91.51,93.4 1 1
github.com/Azhovan/rigging/dump.go:94.3,96.50 2 1
github.com/Azhovan/rigging/dump.go:96.50,98.4 1 0
github.com/Azhovan/rigging/dump.go:101.2,101.12 1 1
github.com/Azhovan/rigging/dump.go:105.115,112.25 4 1
github.com/Azhovan/rigging/dump.go:112.25,114.3 1 1
github.com/Azhovan/rigging/dump.go:114.8,116.3 1 0
github.com/Azhovan/rigging/dump.go:118.2,118.16 1 1
github.com/Azhovan/rigging/dump.go:118.16,120.3 1 0
github.com/Azhovan/rigging/dump.go:122.2,122.41 1 1
github.com/Azhovan/rigging/dump.go:122.41,124.3 1 0
github.com/Azhovan/rigging/dump.go:127.2,127.49 1 1
github.com/Azhovan/rigging/dump.go:127.49,129.3 1 0
github.com/Azhovan/rigging/dump.go:131.2,131.12 1 1
github.com/Azhovan/rigging/dump.go:143.114,145.2 1 1
github.com/Azhovan/rigging/dump.go:148.146,152.36 3 1
github.com/Azhovan/rigging/dump.go:152.36,157.26 3 1
github.com/Azhovan/rigging/dump.go:157.26,158.12 1 0
github.com/Azhovan/rigging/dump.go:162.3,163.28 2 1
github.com/Azhovan/rigging/dump.go:163.28,165.4 1 1
github.com/Azhovan/rigging/dump.go:168.3,173.44 4 1
github.com/Azhovan/rigging/dump.go:173.44,175.4 1 1
github.com/Azhovan/rigging/dump.go:179.3,180.40 2 1
github.com/Azhovan/rigging/dump.go:180.40,182.4 1 1
github.com/Azhovan/rigging/dump.go:182.9,182.31 1 1
github.com/Azhovan/rigging/dump.go:182.31,184.4 1 1
github.com/Azhovan/rigging/dump.go:184.9,187.27 2 1
github.com/Azhovan/rigging/dump.go:187.27,189.5 1 0
github.com/Azhovan/rigging/dump.go:193.3,193.80 1 1
github.com/Azhovan/rigging/dump.go:193.80,195.67 1 1
github.com/Azhovan/rigging/dump.go:195.67,199.70 3 1
github.com/Azhovan/rigging/dump.go:199.70,206.6 2 1
github.com/Azhovan/rigging/dump.go:206.11,213.6 1 1
github.com/Azhovan/rigging/dump.go:214.10,218.28 2 1
github.com/Azhovan/rigging/dump.go:218.28,221.6 1 1
github.com/Azhovan/rigging/dump.go:221.11,224.6 1 0
github.com/Azhovan/rigging/dump.go:225.5,226.45 2 1
github.com/Azhovan/rigging/dump.go:228.4,228.12 1 1
github.com/Azhovan/rigging/dump.go:232.3,238.5 2 1
github.com/Azhovan/rigging/dump.go:241.2,241.15 1 1
github.com/Azhovan/rigging/dump.go:245.115,249.36 3 1
github.com/Azhovan/rigging/dump.go:249.36,254.26 3 1
github.com/Azhovan/rigging/dump.go:254.26,255.12 1 0
github.com/Azhovan/rigging/dump.go:259.3,260.19 2 1
github.com/Azhovan/rigging/dump.go:260.19,262.4 1 1
github.com/Azhovan/rigging/dump.go:265.3,270.24 4 1
github.com/Azhovan/rigging/dump.go:270.24,274.4 2 1
github.com/Azhovan/rigging/dump.go:277.3,278.44 2 1
github.com/Azhovan/rigging/dump.go:278.44,280.4 1 1
github.com/Azhovan/rigging/dump.go:283.3,283.80 1 1
github.com/Azhovan/rigging/dump.go:283.80,285.67 1 1
github.com/Azhovan/rigging/dump.go:285.67,289.70 3 0
github.com/Azhovan/rigging/dump.go:289.70,291.6 1 0
github.com/Azhovan/rigging/dump.go:291.11,293.6 1 0
github.com/Azhovan/rigging/dump.go:294.10,298.5 2 1
github.com/Azhovan/rigging/dump.go:299.4,299.12 1 1
github.com/Azhovan/rigging/dump.go:303.3,303.57 1 1
github.com/Azhovan/rigging/dump.go:306.2,306.15 1 1
github.com/Azhovan/rigging/dump.go:310.65,312.32 1 1
github.com/Azhovan/rigging/dump.go:312.32,314.3 1 1
github.com/Azhovan/rigging/dump.go:316.2,316.31 1 1
github.com/Azhovan/rigging/dump.go:320.69,322.32 1 1
github.com/Azhovan/rigging/dump.go:322.32,324.3 1 1
github.com/Azhovan/rigging/dump.go:327.2,327.60 1 1
github.com/Azhovan/rigging/dump.go:327.60,329.3 1 0
github.com/Azhovan/rigging/dump.go:332.2,332.18 1 1
github.com/Azhovan/rigging/dump.go:333.22,334.20 1 1
github.com/Azhovan/rigging/dump.go:335.20,336.18 1 1
github.com/Azhovan/rigging/dump.go:337.78,339.43 1 1
github.com/Azhovan/rigging/dump.go:339.43,340.52 1 0
github.com/Azhovan/rigging/dump.go:340.52,342.5 1 0
github.com/Azhovan/rigging/dump.go:344.3,344.17 1 1
github.com/Azhovan/rigging/dump.go:345.83,346.18 1 0
github.com/Azhovan/rigging/dump.go:347.40,348.19 1 0
github.com/Azhovan/rigging/dump.go:349.21,351.47 1 0
github.com/Azhovan/rigging/dump.go:351.47,353.33 2 0
github.com/Azhovan/rigging/dump.go:353.33,355.5 1 0
github.com/Azhovan/rigging/dump.go:356.4,356.16 1 0
github.com/Azhovan/rigging/dump.go:359.3,360.32 2 0
github.com/Azhovan/rigging/dump.go:360.32,362.4 1 0
github.com/Azhovan/rigging/dump.go:363.3,363.15 1 0
github.com/Azhovan/rigging/dump.go:364.22,365.39 1 0
github.com/Azhovan/rigging/dump.go:365.39,366.46 1 0
github.com/Azhovan/rigging/dump.go:366.46,368.5 1 0
github.com/Azhovan/rigging/dump.go:370.3,370.23 1 0
github.com/Azhovan/rigging/dump.go:371.10,372.23 1 0
github.com/Azhovan/rigging/dump.go:377.50,378.60 1 1
github.com/Azhovan/rigging/dump.go:378.60,380.3 1 0
github.com/Azhovan/rigging/dump.go:382.2,382.18 1 1
github.com/Azhovan/rigging/dump.go:383.22,384.39 1 1
github.com/Azhovan/rigging/dump.go:385.20,386.37 1 1
github.com/Azhovan/rigging/dump.go:387.78,389.43 1 1
github.com/Azhovan/rigging/dump.go:389.43,390.52 1 1
github.com/Azhovan/rigging/dump.go:390.52,392.5 1 1
github.com/Azhovan/rigging/dump.go:394.3,394.36 1 1
github.com/Azhovan/rigging/dump.go:395.83,396.37 1 0
github.com/Azhovan/rigging/dump.go:397.40,398.38 1 1
github.com/Azhovan/rigging/dump.go:399.21,401.47 1 1
github.com/Azhovan/rigging/dump.go:401.47,403.33 2 1
github.com/Azhovan/rigging/dump.go:403.33,405.5 1 1
github.com/Azhovan/rigging/dump.go:406.4,406.56 1 1
github.com/Azhovan/rigging/dump.go:408.3,408.42 1 0
github.com/Azhovan/rigging/dump.go:409.22,410.39 1 0
github.com/Azhovan/rigging/dump.go:410.39,411.46 1 0
github.com/Azhovan/rigging/dump.go:411.46,413.5 1 0
github.com/Azhovan/rigging/dump.go:415.3,415.42 1 0
github.com/Azhovan/rigging/dump.go:416.10,417.42 1 0
github.com/Azhovan/rigging/dump.go:422.45,423.21 1 1
github.com/Azhovan/rigging/dump.go:423.21,425.3 1 0
github.com/Azhovan/rigging/dump.go:426.2,426.55 1 1
github.com/Azhovan/rigging/dump.go:430.50,431.17 1 1
github.com/Azhovan/rigging/dump.go:431.17,433.3 1 1
github.com/Azhovan/rigging/dump.go:434.2,434.24 1 1
github.com/Azhovan/rigging/errors.go:23.42,24.29 1 1
github.com/Azhovan/rigging/errors.go:24.29,26.3 1 1
github.com/Azhovan/rigging/errors.go:28.2,29.29 2 1
github.com/Azhovan/rigging/errors.go:29.29,31.3 1 1
github.com/Azhovan/rigging/errors.go:31.8,33.3 1 1
github.com/Azhovan/rigging/errors.go:35.2,35.35 1 1
github.com/Azhovan/rigging/errors.go:35.35,37.3 1 1
github.com/Azhovan/rigging/errors.go:39.2,39.44 1 1
github.com/Azhovan/rigging/loader.go:22.36,28.2 1 1
github.com/Azhovan/rigging/loader.go:31.55,34.2 2 1
github.com/Azhovan/rigging/loader.go:37.62,40.2 2 1
github.com/Azhovan/rigging/loader.go:43.52,46.2 2 1
github.com/Azhovan/rigging/loader.go:50.59,54.35 2 1
github.com/Azhovan/rigging/loader.go:54.35,57.17 2 1
github.com/Azhovan/rigging/loader.go:57.17,59.4 1 1
github.com/Azhovan/rigging/loader.go:63.3,63.32 1 1
github.com/Azhovan/rigging/loader.go:63.32,73.4 3 1
github.com/Azhovan/rigging/loader.go:77.2,77.14 1 1
github.com/Azhovan/rigging/loader.go:77.14,84.31 4 1
github.com/Azhovan/rigging/loader.go:84.31,85.23 1 1
github.com/Azhovan/rigging/loader.go:85.23,87.5 1 1
github.com/Azhovan/rigging/loader.go:90.3,90.27 1 1
github.com/Azhovan/rigging/loader.go:90.27,92.4 1 1
github.com/Azhovan/rigging/loader.go:96.2,110.41 7 1
github.com/Azhovan/rigging/loader.go:110.41,112.17 2 1
github.com/Azhovan/rigging/loader.go:112.17,114.48 1 1
github.com/Azhovan/rigging/loader.go:114.48,116.5 1 1
github.com/Azhovan/rigging/loader.go:116.10,119.5 1 0
github.com/Azhovan/rigging/loader.go:124.2,124.24 1 1
github.com/Azhovan/rigging/loader.go:124.24,126.3 1 1
github.com/Azhovan/rigging/loader.go:129.2,132.17 2 1
github.com/Azhovan/rigging/loader.go:138.90,141.16 2 1
github.com/Azhovan/rigging/loader.go:141.16,143.3 1 1
github.com/Azhovan/rigging/loader.go:146.2,152.33 4 1
github.com/Azhovan/rigging/loader.go:157.70,161.29 2 1
github.com/Azhovan/rigging/loader.go:161.29,163.3 1 0
github.com/Azhovan/rigging/loader.go:166.2,166.32 1 1
github.com/Azhovan/rigging/loader.go:166.32,168.3 1 0
github.com/Azhovan/rigging/loader.go:171.2,171.36 1 1
github.com/Azhovan/rigging/loader.go:171.36,175.26 2 1
github.com/Azhovan/rigging/loader.go:175.26,176.12 1 0
github.com/Azhovan/rigging/loader.go:180.3,193.32 6 1
github.com/Azhovan/rigging/loader.go:193.32,196.42 2 0
github.com/Azhovan/rigging/loader.go:196.42,199.31 2 0
github.com/Azhovan/rigging/loader.go:199.31,201.6 1 0
github.com/Azhovan/rigging/loader.go:203.9,203.48 1 1
github.com/Azhovan/rigging/loader.go:203.48,205.37 1 1
github.com/Azhovan/rigging/loader.go:205.37,206.13 1 0
github.com/Azhovan/rigging/loader.go:210.4,211.27 2 1
github.com/Azhovan/rigging/loader.go:211.27,213.5 1 1
github.com/Azhovan/rigging/loader.go:216.4,217.30 2 1
github.com/Azhovan/rigging/loader.go:217.30,219.5 1 1
github.com/Azhovan/rigging/loader.go:223.2,223.18 1 1
github.com/Azhovan/rigging/loader.go:228.120,245.35 7 1
github.com/Azhovan/rigging/loader.go:245.35,252.17 4 1
github.com/Azhovan/rigging/loader.go:252.17,254.44 1 1
github.com/Azhovan/rigging/loader.go:254.44,256.13 2 1
github.com/Azhovan/rigging/loader.go:259.4,259.11 1 0
github.com/Azhovan/rigging/loader.go:260.62,260.62 0 0
github.com/Azhovan/rigging/loader.go:261.22,263.11 2 0
github.com/Azhovan/rigging/loader.go:265.4,266.12 2 0
github.com/Azhovan/rigging/loader.go:269.3,269.52 1 1
github.com/Azhovan/rigging/loader.go:273.2,273.30 1 1
github.com/Azhovan/rigging/loader.go:273.30,275.3 1 1
github.com/Azhovan/rigging/loader.go:278.2,283.12 4 1
github.com/Azhovan/rigging/loader.go:283.12,285.7 2 1
github.com/Azhovan/rigging/loader.go:285.7,296.38 3 1
github.com/Azhovan/rigging/loader.go:296.38,301.5 1 1
github.com/Azhovan/rigging/loader.go:304.4,307.19 2 1
github.com/Azhovan/rigging/loader.go:307.19,309.5 1 1
github.com/Azhovan/rigging/loader.go:312.4,312.11 1 1
github.com/Azhovan/rigging/loader.go:312.11,316.33 2 0
github.com/Azhovan/rigging/loader.go:316.33,318.6 1 0
github.com/Azhovan/rigging/loader.go:319.5,319.13 1 0
github.com/Azhovan/rigging/loader.go:323.4,324.11 2 1
github.com/Azhovan/rigging/loader.go:324.11,325.13 1 0
github.com/Azhovan/rigging/loader.go:329.4,329.11 1 1
github.com/Azhovan/rigging/loader.go:330.32,330.32 0 1
github.com/Azhovan/rigging/loader.go:331.22,332.11 1 0
github.com/Azhovan/rigging/loader.go:338.2,338.6 1 1
github.com/Azhovan/rigging/loader.go:338.6,339.10 1 1
github.com/Azhovan/rigging/loader.go:340.21,342.39 1 1
github.com/Azhovan/rigging/loader.go:342.39,344.5 1 1
github.com/Azhovan/rigging/loader.go:345.4,345.10 1 1
github.com/Azhovan/rigging/loader.go:347.37,348.11 1 1
github.com/Azhovan/rigging/loader.go:348.11,351.5 1 0
github.com/Azhovan/rigging/loader.go:354.4,354.28 1 1
github.com/Azhovan/rigging/loader.go:354.28,356.5 1 1
github.com/Azhovan/rigging/loader.go:358.4,358.57 1 1
github.com/Azhovan/rigging/loader.go:358.57,361.19 2 1
github.com/Azhovan/rigging/loader.go:361.19,363.13 1 1
github.com/Azhovan/rigging/loader.go:364.59,364.59 0 1
github.com/Azhovan/rigging/loader.go:365.24,365.24 0 0
github.com/Azhovan/rigging/loader.go:367.6,367.12 1 1
github.com/Azhovan/rigging/loader.go:371.5,379.12 3 1
github.com/Azhovan/rigging/loader.go:380.33,380.33 0 1
github.com/Azhovan/rigging/loader.go:381.23,381.23 0 0
github.com/Azhovan/rigging/provenance.go:22.55,23.16 1 1
github.com/Azhovan/rigging/provenance.go:23.16,25.3 1 1
github.com/Azhovan/rigging/provenance.go:27.2,28.9 2 1
github.com/Azhovan/rigging/provenance.go:28.9,30.3 1 1
github.com/Azhovan/rigging/provenance.go:32.2,33.17 2 1
github.com/Azhovan/rigging/provenance.go:36.55,37.31 1 1
github.com/Azhovan/rigging/provenance.go:37.31,39.3 1 1
github.com/Azhovan/rigging/provenance.go:42.38,43.16 1 1
github.com/Azhovan/rigging/provenance.go:43.16,45.3 1 1
github.com/Azhovan/rigging/types.go:35.38,37.2 1 1
github.com/Azhovan/rigging/types.go:40.48,41.11 1 1
github.com/Azhovan/rigging/types.go:41.11,43.3 1 0
github.com/Azhovan/rigging/types.go:44.2,44.19 1 1
github.com/Azhovan/rigging/types.go:57.71,59.2 1 1
github.com/Azhovan/rigging/validate.go:13.93,17.19 2 1
github.com/Azhovan/rigging/validate.go:17.19,18.30 1 1
github.com/Azhovan/rigging/validate.go:18.30,26.4 2 1
github.com/Azhovan/rigging/validate.go:30.2,30.29 1 1
github.com/Azhovan/rigging/validate.go:30.29,32.3 1 1
github.com/Azhovan/rigging/validate.go:35.2,35.27 1 1
github.com/Azhovan/rigging/validate.go:36.78,37.77 1 1
github.com/Azhovan/rigging/validate.go:38.83,39.78 1 0
github.com/Azhovan/rigging/validate.go:40.40,41.79 1 1
github.com/Azhovan/rigging/validate.go:42.22,43.80 1 1
github.com/Azhovan/rigging/validate.go:47.2,47.25 1 1
github.com/Azhovan/rigging/validate.go:47.25,49.3 1 1
github.com/Azhovan/rigging/validate.go:51.2,51.15 1 1
github.com/Azhovan/rigging/validate.go:57.53,59.2 1 1
github.com/Azhovan/rigging/validate.go:62.86,66.31 2 1
github.com/Azhovan/rigging/validate.go:66.31,67.18 1 0
github.com/Azhovan/rigging/validate.go:67.18,69.4 1 0
github.com/Azhovan/rigging/validate.go:70.3,70.19 1 0
github.com/Azhovan/rigging/validate.go:74.2,74.34 1 1
github.com/Azhovan/rigging/validate.go:74.34,76.3 1 0
github.com/Azhovan/rigging/validate.go:78.2,81.38 2 1
github.com/Azhovan/rigging/validate.go:81.38,86.26 3 1
github.com/Azhovan/rigging/validate.go:86.26,87.12 1 0
github.com/Azhovan/rigging/validate.go:91.3,92.28 2 1
github.com/Azhovan/rigging/validate.go:92.28,94.4 1 1
github.com/Azhovan/rigging/validate.go:97.3,101.40 3 1
github.com/Azhovan/rigging/validate.go:101.40,103.23 2 1
github.com/Azhovan/rigging/validate.go:103.23,108.5 3 1
github.com/Azhovan/rigging/validate.go:109.4,109.12 1 1
github.com/Azhovan/rigging/validate.go:113.3,113.42 1 1
github.com/Azhovan/rigging/validate.go:113.42,115.45 1 1
github.com/Azhovan/rigging/validate.go:115.45,119.13 3 0
github.com/Azhovan/rigging/validate.go:123.4,125.12 3 1
github.com/Azhovan/rigging/validate.go:129.3,130.47 2 1
github.com/Azhovan/rigging/validate.go:133.2,133.20 1 1
github.com/Azhovan/rigging/validate.go:137.40,138.18 1 1
github.com/Azhovan/rigging/validate.go:139.65,140.22 1 1
github.com/Azhovan/rigging/validate.go:141.20,142.19 1 1
github.com/Azhovan/rigging/validate.go:143.78,144.22 1 1
github.com/Azhovan/rigging/validate.go:145.83,146.23 1 0
github.com/Azhovan/rigging/validate.go:147.40,148.24 1 1
github.com/Azhovan/rigging/validate.go:149.38,150.19 1 0
github.com/Azhovan/rigging/validate.go:151.22,153.20 1 0
github.com/Azhovan/rigging/validate.go:154.10,155.20 1 0
github.com/Azhovan/rigging/validate.go:160.97,164.20 3 1
github.com/Azhovan/rigging/validate.go:164.20,166.35 2 1
github.com/Azhovan/rigging/validate.go:166.35,172.4 1 1
github.com/Azhovan/rigging/validate.go:175.2,175.20 1 1
github.com/Azhovan/rigging/validate.go:175.20,177.35 2 1
github.com/Azhovan/rigging/validate.go:177.35,183.4 1 1
github.com/Azhovan/rigging/validate.go:186.2,186.15 1 1
github.com/Azhovan/rigging/validate.go:190.98,194.20 3 0
github.com/Azhovan/rigging/validate.go:194.20,196.35 2 0
github.com/Azhovan/rigging/validate.go:196.35,202.4 1 0
github.com/Azhovan/rigging/validate.go:205.2,205.20 1 0
github.com/Azhovan/rigging/validate.go:205.20,207.35 2 0
github.com/Azhovan/rigging/validate.go:207.35,213.4 1 0
github.com/Azhovan/rigging/validate.go:216.2,216.15 1 0
github.com/Azhovan/rigging/validate.go:220.99,224.20 3 1
github.com/Azhovan/rigging/validate.go:224.20,226.35 2 1
github.com/Azhovan/rigging/validate.go:226.35,232.4 1 1
github.com/Azhovan/rigging/validate.go:235.2,235.20 1 1
github.com/Azhovan/rigging/validate.go:235.20,237.35 2 1
github.com/Azhovan/rigging/validate.go:237.35,243.4 1 1
github.com/Azhovan/rigging/validate.go:246.2,246.15 1 1
github.com/Azhovan/rigging/validate.go:250.100,255.20 4 1
github.com/Azhovan/rigging/validate.go:255.20,257.36 2 1
github.com/Azhovan/rigging/validate.go:257.36,263.4 1 1
github.com/Azhovan/rigging/validate.go:266.2,266.20 1 1
github.com/Azhovan/rigging/validate.go:266.20,268.36 2 1
github.com/Azhovan/rigging/validate.go:268.36,274.4 1 1
github.com/Azhovan/rigging/validate.go:277.2,277.15 1 1
github.com/Azhovan/rigging/validate.go:281.93,286.27 3 1
github.com/Azhovan/rigging/validate.go:287.22,288.33 1 1
github.com/Azhovan/rigging/validate.go:289.78,290.53 1 1
github.com/Azhovan/rigging/validate.go:291.83,292.55 1 0
github.com/Azhovan/rigging/validate.go:293.40,294.66 1 0
github.com/Azhovan/rigging/validate.go:295.20,296.51 1 0
github.com/Azhovan/rigging/validate.go:297.10,299.16 1 0
github.com/Azhovan/rigging/validate.go:303.2,304.37 2 1
github.com/Azhovan/rigging/validate.go:304.37,305.26 1 1
github.com/Azhovan/rigging/validate.go:305.26,307.9 2 1
github.com/Azhovan/rigging/validate.go:311.2,311.12 1 1
github.com/Azhovan/rigging/validate.go:311.12,317.3 1 1
github.com/Azhovan/rigging/validate.go:319.2,319.15 1 1
